<?xml version="1.0" encoding="UTF-8"?>
<!-- Generated by org.testng.reporters.JUnitXMLReporter -->
<testsuite hostname="GURWUNI11197" name="Test" tests="6" failures="0" timestamp="27 Dec 2019 09:34:10 GMT" time="98.623" errors="0">
  <testcase name="firstLoginTest" time="13.934" classname="tests.loginTest"/>
  <testcase name="verifyAccountSuccessfull" time="5.838" classname="tests.AccountsTest"/>
  <testcase name="verifyAccountSearchSuccessfull" time="20.955" classname="tests.AccountsTest"/>
  <testcase name="verifyBuildingSuccessfull" time="0.296" classname="tests.BuildingsTest"/>
  <testcase name="verifyNewBuildingCreate" time="30.725" classname="tests.BuildingsTest"/>
  <testcase name="verifyEditBuilding" time="26.854" classname="tests.BuildingsTest"/>
</testsuite> <!-- Test -->
