<?xml version="1.0" encoding="UTF-8"?>
<testng-results skipped="0" failed="0" total="6" passed="6">
  <reporter-output>
    <line>
      <![CDATA[Passed : Actual Text:= [Please, select an account from the list] Expected Text:= [Please, select an account from the list]]]>
    </line>
    <line>
      <![CDATA[Passed : Actual Text:= [AricentNew] Expected Text:= [AricentNew]]]>
    </line>
  </reporter-output>
  <suite name="Suite" duration-ms="98623" started-at="2019-12-27T09:32:31Z" finished-at="2019-12-27T09:34:10Z">
    <groups>
    </groups>
    <test name="Test" duration-ms="98623" started-at="2019-12-27T09:32:31Z" finished-at="2019-12-27T09:34:10Z">
      <class name="tests.loginTest">
        <test-method status="PASS" signature="firstLoginTest()[pri:0, instance:tests.loginTest@6e06451e]" name="firstLoginTest" duration-ms="13934" started-at="2019-12-27T15:02:31Z" finished-at="2019-12-27T15:02:45Z">
          <reporter-output>
          </reporter-output>
        </test-method> <!-- firstLoginTest -->
      </class> <!-- tests.loginTest -->
      <class name="tests.AccountsTest">
        <test-method status="PASS" signature="setup()[pri:0, instance:tests.AccountsTest@271053e1]" name="setup" is-config="true" duration-ms="26497" started-at="2019-12-27T15:02:05Z" finished-at="2019-12-27T15:02:31Z">
          <reporter-output>
          </reporter-output>
        </test-method> <!-- setup -->
        <test-method status="PASS" signature="verifyAccountSuccessfull()[pri:0, instance:tests.AccountsTest@271053e1]" name="verifyAccountSuccessfull" duration-ms="5838" started-at="2019-12-27T15:02:45Z" finished-at="2019-12-27T15:02:51Z">
          <reporter-output>
            <line>
              <![CDATA[Passed : Actual Text:= [Please, select an account from the list] Expected Text:= [Please, select an account from the list]]]>
            </line>
          </reporter-output>
        </test-method> <!-- verifyAccountSuccessfull -->
        <test-method status="PASS" signature="verifyAccountSearchSuccessfull()[pri:0, instance:tests.AccountsTest@271053e1]" name="verifyAccountSearchSuccessfull" duration-ms="20955" started-at="2019-12-27T15:02:51Z" finished-at="2019-12-27T15:03:12Z">
          <reporter-output>
          </reporter-output>
        </test-method> <!-- verifyAccountSearchSuccessfull -->
        <test-method status="PASS" signature="teardown()[pri:0, instance:tests.AccountsTest@271053e1]" name="teardown" is-config="true" duration-ms="973" started-at="2019-12-27T15:04:10Z" finished-at="2019-12-27T15:04:11Z">
          <reporter-output>
          </reporter-output>
        </test-method> <!-- teardown -->
      </class> <!-- tests.AccountsTest -->
      <class name="tests.BuildingsTest">
        <test-method status="PASS" signature="verifyBuildingSuccessfull()[pri:0, instance:tests.BuildingsTest@72d818d1]" name="verifyBuildingSuccessfull" duration-ms="296" started-at="2019-12-27T15:03:12Z" finished-at="2019-12-27T15:03:12Z">
          <reporter-output>
            <line>
              <![CDATA[Passed : Actual Text:= [AricentNew] Expected Text:= [AricentNew]]]>
            </line>
          </reporter-output>
        </test-method> <!-- verifyBuildingSuccessfull -->
        <test-method status="PASS" signature="verifyNewBuildingCreate()[pri:0, instance:tests.BuildingsTest@72d818d1]" name="verifyNewBuildingCreate" duration-ms="30725" started-at="2019-12-27T15:03:12Z" finished-at="2019-12-27T15:03:43Z">
          <reporter-output>
          </reporter-output>
        </test-method> <!-- verifyNewBuildingCreate -->
        <test-method status="PASS" signature="verifyEditBuilding()[pri:0, instance:tests.BuildingsTest@72d818d1]" name="verifyEditBuilding" duration-ms="26854" started-at="2019-12-27T15:03:43Z" finished-at="2019-12-27T15:04:10Z">
          <reporter-output>
          </reporter-output>
        </test-method> <!-- verifyEditBuilding -->
      </class> <!-- tests.BuildingsTest -->
    </test> <!-- Test -->
  </suite> <!-- Suite -->
</testng-results>
